Determining if the pthread_create exist failed with the following output:
Change Dir: /var/lib/cloud9/fahrradprojekt/autobike/build/CMakeFiles/CMakeTmp

Run Build Command:"/usr/bin/make" "cmTC_086a3/fast"
/usr/bin/make -f CMakeFiles/cmTC_086a3.dir/build.make CMakeFiles/cmTC_086a3.dir/build
make[1]: Entering directory '/var/lib/cloud9/fahrradprojekt/autobike/build/CMakeFiles/CMakeTmp'
Building C object CMakeFiles/cmTC_086a3.dir/CheckSymbolExists.c.o
/usr/bin/cc    -o CMakeFiles/cmTC_086a3.dir/CheckSymbolExists.c.o   -c /var/lib/cloud9/fahrradprojekt/autobike/build/CMakeFiles/CMakeTmp/CheckSymbolExists.c
Linking C executable cmTC_086a3
/usr/bin/cmake -E cmake_link_script CMakeFiles/cmTC_086a3.dir/link.txt --verbose=1
/usr/bin/cc      -rdynamic CMakeFiles/cmTC_086a3.dir/CheckSymbolExists.c.o  -o cmTC_086a3 
/usr/bin/ld: CMakeFiles/cmTC_086a3.dir/CheckSymbolExists.c.o: in function `main':
CheckSymbolExists.c:(.text+0x2c): undefined reference to `pthread_create'
collect2: error: ld returned 1 exit status
make[1]: *** [CMakeFiles/cmTC_086a3.dir/build.make:87: cmTC_086a3] Error 1
make[1]: Leaving directory '/var/lib/cloud9/fahrradprojekt/autobike/build/CMakeFiles/CMakeTmp'
make: *** [Makefile:121: cmTC_086a3/fast] Error 2

File /var/lib/cloud9/fahrradprojekt/autobike/build/CMakeFiles/CMakeTmp/CheckSymbolExists.c:
/* */
#include <pthread.h>

int main(int argc, char** argv)
{
  (void)argv;
#ifndef pthread_create
  return ((int*)(&pthread_create))[argc];
#else
  (void)argc;
  return 0;
#endif
}

